<?xml version="1.0" encoding="UTF-8"?>
<testsuite xmlns:xsi="http://www.w3.org/2001/XMLSchema-instance" xsi:noNamespaceSchemaLocation="https://maven.apache.org/surefire/maven-surefire-plugin/xsd/surefire-test-report.xsd" name="site.stellarburgers.user.UserCreatingTest" time="1.85" tests="5" errors="0" skipped="0" failures="0">
  <properties>
[...]
</properties>
  <testcase name="createUserValidDataUserCreated" classname="site.stellarburgers.user.UserCreatingTest" time="0.583"/>
  <testcase name="createUserWithNullPasswordReturn403" classname="site.stellarburgers.user.UserCreatingTest" time="0.173"/>
  <testcase name="createUserWithNullEmailReturn403" classname="site.stellarburgers.user.UserCreatingTest" time="0.172"/>
  <testcase name="createUserExistsReturn403" classname="site.stellarburgers.user.UserCreatingTest" time="0.749"/>
  <testcase name="createUserWithNullNameField" classname="site.stellarburgers.user.UserCreatingTest" time="0.169"/>
</testsuite>